--------------- 23-02-2016, 21:23:14 ---------------
| DC v0.6.6 beta Rev. 6327 -- x86_64-Linux-qt4
| Arch Linux -- Qt 4.8.7, libQt4Pas 4.5.3
Unhandled exception: EConvertError: "c" is an invalid integer
  Stack trace:
  $000000000047E722 in /usr/bin/doublecmd
  $00000000009EAB38 line 229, column 43 of ffileproperties.pas in /usr/bin/doublecmd
  $000000000062F6C7 line 5645, column 23 of include/wincontrol.inc in /usr/bin/doublecmd
  $000000000062F6FB line 5651, column 3 of include/wincontrol.inc in /usr/bin/doublecmd
  $0000000000630059 line 5959, column 7 of include/wincontrol.inc in /usr/bin/doublecmd
  $0000000000632B85 line 7103, column 36 of include/wincontrol.inc in /usr/bin/doublecmd
  $0000000000434F41 in /usr/bin/doublecmd
  $000000000062EC91 line 5341, column 28 of include/wincontrol.inc in /usr/bin/doublecmd
  $00000000006C1F22 line 5549, column 7 of qtwidgets.pas in /usr/bin/doublecmd
  $00000000006BCFC4 line 3302, column 9 of qtwidgets.pas in /usr/bin/doublecmd
  $00000000006BB99A line 2565, column 25 of qtwidgets.pas in /usr/bin/doublecmd
  $00000000006CA02B line 8931, column 13 of qtwidgets.pas in /usr/bin/doublecmd
  $00007FE3252AF6B6 in /usr/lib/libQtCore.so.4
  $00007FFF6574CD60 in 

--------------- 06-03-2016, 00:35:18 ---------------
| DC v0.8.0 alpha Rev. 6430M -- x86_64-Linux-qt4
| Arch Linux -- Qt 4.8.7, libQt4Pas 4.5.3
Unhandled exception: Exception: TCheckGroup Индекс 1 вне диапазона 0 .. 0
  Stack trace:
  $00000000007FA191 line 103, column 18 of include/customcheckgroup.inc in /usr/bin/doublecmd
  $00000000007FABDA line 249, column 5 of include/customcheckgroup.inc in /usr/bin/doublecmd
  $0000000000CEDA55 line 90, column 3 of frames/foptionsquicksearchfilter.pas in /usr/bin/doublecmd
  $0000000000C147F1 line 253, column 7 of frames/foptionsframe.pas in /usr/bin/doublecmd
  $0000000000BE6C72 line 370, column 5 of foptions.pas in /usr/bin/doublecmd
  $00000000008C8B2C line 5055, column 5 of include/treeview.inc in /usr/bin/doublecmd
  $00000000008C58A0 line 4086, column 23 of include/treeview.inc in /usr/bin/doublecmd
  $0000000000829E29 line 175, column 5 of customtimer.pas in /usr/bin/doublecmd
  $0000000000829D83 line 150, column 5 of customtimer.pas in /usr/bin/doublecmd
  $000000000089317A line 4650, column 5 of qt/qtobjects.pas in /usr/bin/doublecmd
  $00007F0C3E10F610 in /usr/lib/libQtCore.so.4
  $00007F0C3E115283 in /usr/lib/libQtCore.so.4
  $00007F0C3E9BD39C in /usr/lib/libQtGui.so.4

--------------- 06-03-2016, 00:35:36 ---------------
| DC v0.8.0 alpha Rev. 6430M -- x86_64-Linux-qt4
| Arch Linux -- Qt 4.8.7, libQt4Pas 4.5.3
Unhandled exception: Exception: TCheckGroup Индекс 1 вне диапазона 0 .. 0
  Stack trace:
  $00000000007FA191 line 103, column 18 of include/customcheckgroup.inc in /usr/bin/doublecmd
  $00000000007FABDA line 249, column 5 of include/customcheckgroup.inc in /usr/bin/doublecmd
  $0000000000CEDA55 line 90, column 3 of frames/foptionsquicksearchfilter.pas in /usr/bin/doublecmd
  $0000000000C147F1 line 253, column 7 of frames/foptionsframe.pas in /usr/bin/doublecmd
  $0000000000BE6C72 line 370, column 5 of foptions.pas in /usr/bin/doublecmd
  $00000000008C8B2C line 5055, column 5 of include/treeview.inc in /usr/bin/doublecmd
  $00000000008C58A0 line 4086, column 23 of include/treeview.inc in /usr/bin/doublecmd
  $0000000000829E29 line 175, column 5 of customtimer.pas in /usr/bin/doublecmd
  $0000000000829D83 line 150, column 5 of customtimer.pas in /usr/bin/doublecmd
  $000000000089317A line 4650, column 5 of qt/qtobjects.pas in /usr/bin/doublecmd
  $00007F0C3E10F610 in /usr/lib/libQtCore.so.4
  $00007F0C3E115283 in /usr/lib/libQtCore.so.4
  $00007F0C3E9BD39C in /usr/lib/libQtGui.so.4

--------------- 18-03-2016, 15:21:28 ---------------
| DC v0.7.0 beta Rev. 6700 -- x86_64-Linux-qt4
| Arch Linux -- Qt 4.8.7, libQt4Pas 4.5.3
Unhandled exception: EAccessViolation: Access violation
  Stack trace:
  $00007F1C4FF89B10 in /usr/lib/libQtCore.so.4

--------------- 18-03-2016, 15:21:34 ---------------
| DC v0.7.0 beta Rev. 6700 -- x86_64-Linux-qt4
| Arch Linux -- Qt 4.8.7, libQt4Pas 4.5.3
Unhandled exception: EAccessViolation: Access violation
  Stack trace:
  $00007F1C4FF89B10 in /usr/lib/libQtCore.so.4

--------------- 23-03-2016, 18:28:56 ---------------
| DC v0.7.0 beta Rev. 6700 -- x86_64-Linux-qt4
| Arch Linux -- Qt 4.8.7, libQt4Pas 4.5.3
Unhandled exception: EAccessViolation: Access violation
  Stack trace:
  $000000000088D6C1 line 1047, column 20 of kastoolbar.pas in /usr/bin/doublecmd
  $0000000000A090BA line 475, column 31 of frames/foptionstoolbar.pas in /usr/bin/doublecmd
  $0000000000658F4A line 54, column 3 of include/buttoncontrol.inc in /usr/bin/doublecmd
  $0000000000659793 line 169, column 3 of include/buttons.inc in /usr/bin/doublecmd
  $0000000000658E35 line 20, column 3 of include/buttoncontrol.inc in /usr/bin/doublecmd
  $00000000004379DF in /usr/bin/doublecmd
  $00000000006110D4 line 5383, column 28 of include/wincontrol.inc in /usr/bin/doublecmd
  $0000000000699DFB line 5568, column 7 of qtwidgets.pas in /usr/bin/doublecmd
  $000000000069AD89 line 5941, column 3 of qtwidgets.pas in /usr/bin/doublecmd
  $00007F5EC4F1B590 in /usr/lib/libQtCore.so.4
  $00007F5EC5E6AB22 in /usr/lib/libQtGui.so.4

--------------- 27-03-2016, 17:08:32 ---------------
| DC v0.7.0 beta Rev. 6700 -- x86_64-Linux-qt4
| Arch Linux -- Qt 4.8.7, libQt4Pas 4.5.3
Unhandled exception: EInvalidOp: Invalid floating point operation
  Stack trace:
  $0000000000450189 line 902, column 7 of lclproc.pas in /usr/bin/doublecmd
  $00000000006CB0E8 line 73, column 63 of include/customnotebook.inc in /usr/bin/doublecmd
  $00000000006CB236 line 105, column 25 of include/customnotebook.inc in /usr/bin/doublecmd
  $00000000006CCEF2 line 836, column 22 of include/customnotebook.inc in /usr/bin/doublecmd
  $00000000006CBD76 line 403, column 11 of include/customnotebook.inc in /usr/bin/doublecmd
  $00000000008A31CA line 484, column 27 of ufileviewnotebook.pas in /usr/bin/doublecmd
  $00000000004379DF in /usr/bin/doublecmd
  $00000000006110D4 line 5383, column 28 of include/wincontrol.inc in /usr/bin/doublecmd
  $0000000000699DFB line 5568, column 7 of qtwidgets.pas in /usr/bin/doublecmd
  $0000000000696776 line 3873, column 3 of qtwidgets.pas in /usr/bin/doublecmd
  $0000000000693D5B line 2595, column 36 of qtwidgets.pas in /usr/bin/doublecmd
  $00000000006A46CF line 10099, column 19 of qtwidgets.pas in /usr/bin/doublecmd
  $00007F9886900646 in /usr/lib/libQtCore.so.4

--------------- 21-07-2016, 22:27:19 ---------------
| DC v0.7.3 beta Rev. 6979 -- x86_64-Linux-qt4
| Arch Linux -- Qt 4.8.7, libQt4Pas 4.5.3
Unhandled exception: ERangeError: Range check error
  Stack trace:
  $000000000077A0C7 line 575, column 21 of dcstrutils.pas in /usr/bin/doublecmd
  $000000000089F18B line 2219, column 48 of fileviews/ufileview.pas in /usr/bin/doublecmd

--------------- 12-01-2017, 13:14:08 ---------------
| DC v0.7.7 beta Rev. 7285 -- x86_64-Linux-qt4
| Arch Linux -- Qt 4.8.7, libQt4Pas 4.5.3 | PID 893
Unhandled exception: ERangeError: Range check error
  Stack trace:
  $000000000077B1A7 line 577, column 21 of dcstrutils.pas in /usr/bin/doublecmd
  $00000000008A182B line 2234, column 48 of fileviews/ufileview.pas in /usr/bin/doublecmd

--------------- 12-01-2017, 13:40:21 ---------------
| DC v0.7.7 beta Rev. 7285 -- x86_64-Linux-qt4
| Arch Linux -- Qt 4.8.7, libQt4Pas 4.5.3 | PID 22566
Unhandled exception: EAccessViolation: Access violation
  Stack trace:
  $0000000000A6C651 line 127, column 36 of ufindbyrmr.pas in /usr/bin/doublecmd
  $00000000006633A0 line 247, column 7 of include/menu.inc in /usr/bin/doublecmd
  $000000000066331C line 266, column 5 of include/menu.inc in /usr/bin/doublecmd
  $00000000004A7ACB line 2480, column 15 of include/customform.inc in /usr/bin/doublecmd
  $00000000004B2FBC line 2066, column 40 of include/application.inc in /usr/bin/doublecmd
  $00000000006175B9 line 5732, column 8 of include/wincontrol.inc in /usr/bin/doublecmd
  $00000000006174AE line 5789, column 8 of include/wincontrol.inc in /usr/bin/doublecmd
  $000000000061A576 line 7122, column 38 of include/wincontrol.inc in /usr/bin/doublecmd
  $0000000000437B8F in /usr/bin/doublecmd
  $00000000006168B4 line 5383, column 28 of include/wincontrol.inc in /usr/bin/doublecmd
  $00000000004A4B32 line 1426, column 31 of include/customform.inc in /usr/bin/doublecmd
  $000000000069B19B line 5568, column 7 of qtwidgets.pas in /usr/bin/doublecmd
  $00000000006964AB line 3318, column 9 of qtwidgets.pas in /usr/bin/doublecmd
  $000000000069506E line 2581, column 25 of qtwidgets.pas in /usr/bin/doublecmd
  $000000000069F140 line 7127, column 17 of qtwidgets.pas in /usr/bin/doublecmd
  $00007F981AD09CB1 in /usr/lib/libQtCore.so.4

--------------- 12-01-2017, 13:40:30 ---------------
| DC v0.7.7 beta Rev. 7285 -- x86_64-Linux-qt4
| Arch Linux -- Qt 4.8.7, libQt4Pas 4.5.3 | PID 22566
Unhandled exception: EAccessViolation: Access violation
  Stack trace:
  $0000000000A6C651 line 127, column 36 of ufindbyrmr.pas in /usr/bin/doublecmd
  $00000000006633A0 line 247, column 7 of include/menu.inc in /usr/bin/doublecmd
  $000000000066331C line 266, column 5 of include/menu.inc in /usr/bin/doublecmd
  $00000000004A7ACB line 2480, column 15 of include/customform.inc in /usr/bin/doublecmd
  $00000000004B2FBC line 2066, column 40 of include/application.inc in /usr/bin/doublecmd
  $00000000006175B9 line 5732, column 8 of include/wincontrol.inc in /usr/bin/doublecmd
  $00000000006174AE line 5789, column 8 of include/wincontrol.inc in /usr/bin/doublecmd
  $000000000061A576 line 7122, column 38 of include/wincontrol.inc in /usr/bin/doublecmd
  $0000000000437B8F in /usr/bin/doublecmd
  $00000000006168B4 line 5383, column 28 of include/wincontrol.inc in /usr/bin/doublecmd
  $00000000004A4B32 line 1426, column 31 of include/customform.inc in /usr/bin/doublecmd
  $000000000069B19B line 5568, column 7 of qtwidgets.pas in /usr/bin/doublecmd
  $00000000006964AB line 3318, column 9 of qtwidgets.pas in /usr/bin/doublecmd
  $000000000069506E line 2581, column 25 of qtwidgets.pas in /usr/bin/doublecmd
  $000000000069F140 line 7127, column 17 of qtwidgets.pas in /usr/bin/doublecmd
  $00007F981AD09CB1 in /usr/lib/libQtCore.so.4

--------------- 12-01-2017, 13:40:51 ---------------
| DC v0.7.7 beta Rev. 7285 -- x86_64-Linux-qt4
| Arch Linux -- Qt 4.8.7, libQt4Pas 4.5.3 | PID 22566
Unhandled exception: EAccessViolation: Access violation
  Stack trace:
  $0000000000A6C651 line 127, column 36 of ufindbyrmr.pas in /usr/bin/doublecmd
  $00000000006633A0 line 247, column 7 of include/menu.inc in /usr/bin/doublecmd
  $000000000066331C line 266, column 5 of include/menu.inc in /usr/bin/doublecmd
  $00000000004A7ACB line 2480, column 15 of include/customform.inc in /usr/bin/doublecmd
  $00000000004B2FBC line 2066, column 40 of include/application.inc in /usr/bin/doublecmd
  $00000000006175B9 line 5732, column 8 of include/wincontrol.inc in /usr/bin/doublecmd
  $00000000006174AE line 5789, column 8 of include/wincontrol.inc in /usr/bin/doublecmd
  $000000000061A576 line 7122, column 38 of include/wincontrol.inc in /usr/bin/doublecmd
  $0000000000437B8F in /usr/bin/doublecmd
  $00000000006168B4 line 5383, column 28 of include/wincontrol.inc in /usr/bin/doublecmd
  $00000000004A4B32 line 1426, column 31 of include/customform.inc in /usr/bin/doublecmd
  $000000000069B19B line 5568, column 7 of qtwidgets.pas in /usr/bin/doublecmd
  $00000000006964AB line 3318, column 9 of qtwidgets.pas in /usr/bin/doublecmd
  $000000000069506E line 2581, column 25 of qtwidgets.pas in /usr/bin/doublecmd
  $000000000069F140 line 7127, column 17 of qtwidgets.pas in /usr/bin/doublecmd
  $00007F981AD09CB1 in /usr/lib/libQtCore.so.4

--------------- 12-01-2017, 13:41:33 ---------------
| DC v0.7.7 beta Rev. 7285 -- x86_64-Linux-qt4
| Arch Linux -- Qt 4.8.7, libQt4Pas 4.5.3 | PID 22566
Unhandled exception: EAccessViolation: Access violation
  Stack trace:
  $0000000000A6C651 line 127, column 36 of ufindbyrmr.pas in /usr/bin/doublecmd
  $00000000006633A0 line 247, column 7 of include/menu.inc in /usr/bin/doublecmd
  $000000000066331C line 266, column 5 of include/menu.inc in /usr/bin/doublecmd
  $00000000004A7ACB line 2480, column 15 of include/customform.inc in /usr/bin/doublecmd
  $00000000004B2FBC line 2066, column 40 of include/application.inc in /usr/bin/doublecmd
  $00000000006175B9 line 5732, column 8 of include/wincontrol.inc in /usr/bin/doublecmd
  $00000000006174AE line 5789, column 8 of include/wincontrol.inc in /usr/bin/doublecmd
  $000000000061A576 line 7122, column 38 of include/wincontrol.inc in /usr/bin/doublecmd
  $0000000000437B8F in /usr/bin/doublecmd
  $00000000006168B4 line 5383, column 28 of include/wincontrol.inc in /usr/bin/doublecmd
  $00000000004A4B32 line 1426, column 31 of include/customform.inc in /usr/bin/doublecmd
  $000000000069B19B line 5568, column 7 of qtwidgets.pas in /usr/bin/doublecmd
  $00000000006964AB line 3318, column 9 of qtwidgets.pas in /usr/bin/doublecmd
  $000000000069506E line 2581, column 25 of qtwidgets.pas in /usr/bin/doublecmd
  $000000000069F140 line 7127, column 17 of qtwidgets.pas in /usr/bin/doublecmd
  $00007F981AD09CB1 in /usr/lib/libQtCore.so.4

--------------- 12-01-2017, 13:41:54 ---------------
| DC v0.7.7 beta Rev. 7285 -- x86_64-Linux-qt4
| Arch Linux -- Qt 4.8.7, libQt4Pas 4.5.3 | PID 22566
Unhandled exception: EAccessViolation: Access violation
  Stack trace:
  $0000000000A6C651 line 127, column 36 of ufindbyrmr.pas in /usr/bin/doublecmd
  $00000000006633A0 line 247, column 7 of include/menu.inc in /usr/bin/doublecmd
  $000000000066331C line 266, column 5 of include/menu.inc in /usr/bin/doublecmd
  $00000000004A7ACB line 2480, column 15 of include/customform.inc in /usr/bin/doublecmd
  $00000000004B2FBC line 2066, column 40 of include/application.inc in /usr/bin/doublecmd
  $00000000006175B9 line 5732, column 8 of include/wincontrol.inc in /usr/bin/doublecmd
  $00000000006174AE line 5789, column 8 of include/wincontrol.inc in /usr/bin/doublecmd
  $000000000061A576 line 7122, column 38 of include/wincontrol.inc in /usr/bin/doublecmd
  $0000000000437B8F in /usr/bin/doublecmd
  $00000000006168B4 line 5383, column 28 of include/wincontrol.inc in /usr/bin/doublecmd
  $00000000004A4B32 line 1426, column 31 of include/customform.inc in /usr/bin/doublecmd
  $000000000069B19B line 5568, column 7 of qtwidgets.pas in /usr/bin/doublecmd
  $00000000006964AB line 3318, column 9 of qtwidgets.pas in /usr/bin/doublecmd
  $000000000069506E line 2581, column 25 of qtwidgets.pas in /usr/bin/doublecmd
  $000000000069F140 line 7127, column 17 of qtwidgets.pas in /usr/bin/doublecmd
  $00007F981AD09CB1 in /usr/lib/libQtCore.so.4

--------------- 06-02-2017, 13:28:35 ---------------
| DC v0.7.7 beta Rev. 7285 -- x86_64-Linux-qt4
| Arch Linux -- Qt 4.8.7, libQt4Pas 4.5.3 | PID 16548
Unhandled exception: ERangeError: Range check error
  Stack trace:
  $0000000000815518 line 247, column 38 of dcdatetimeutils.pas in /usr/lib/doublecmd/doublecmd
  $0000000000AEF27B line 749, column 90 of filesources/filesystem/ufilesystemutil.pas in /usr/lib/doublecmd/doublecmd
  $0000000000AEE645 line 727, column 6 of filesources/filesystem/ufilesystemutil.pas in /usr/lib/doublecmd/doublecmd
  $0000000000AEF62E line 797, column 8 of filesources/filesystem/ufilesystemutil.pas in /usr/lib/doublecmd/doublecmd
  $0000000000AEFAA7 line 868, column 22 of filesources/filesystem/ufilesystemutil.pas in /usr/lib/doublecmd/doublecmd
  $0000000000AEFA67 line 864, column 22 of filesources/filesystem/ufilesystemutil.pas in /usr/lib/doublecmd/doublecmd
  $0000000000AEFA67 line 864, column 22 of filesources/filesystem/ufilesystemutil.pas in /usr/lib/doublecmd/doublecmd
  $0000000000AEFA67 line 864, column 22 of filesources/filesystem/ufilesystemutil.pas in /usr/lib/doublecmd/doublecmd
  $0000000000AEFA67 line 864, column 22 of filesources/filesystem/ufilesystemutil.pas in /usr/lib/doublecmd/doublecmd


--------------- 06-02-2017, 13:31:18 ---------------
| DC v0.7.7 beta Rev. 7285 -- x86_64-Linux-qt4
| Arch Linux -- Qt 4.8.7, libQt4Pas 4.5.3 | PID 16548
Unhandled exception: ERangeError: Range check error
  Stack trace:
  $0000000000815518 line 247, column 38 of dcdatetimeutils.pas in /usr/lib/doublecmd/doublecmd
  $0000000000AEF27B line 749, column 90 of filesources/filesystem/ufilesystemutil.pas in /usr/lib/doublecmd/doublecmd
  $0000000000AEE645 line 727, column 6 of filesources/filesystem/ufilesystemutil.pas in /usr/lib/doublecmd/doublecmd
  $0000000000AEF62E line 797, column 8 of filesources/filesystem/ufilesystemutil.pas in /usr/lib/doublecmd/doublecmd
  $0000000000AEFAA7 line 868, column 22 of filesources/filesystem/ufilesystemutil.pas in /usr/lib/doublecmd/doublecmd
  $0000000000AEFA67 line 864, column 22 of filesources/filesystem/ufilesystemutil.pas in /usr/lib/doublecmd/doublecmd
  $0000000000AEFA67 line 864, column 22 of filesources/filesystem/ufilesystemutil.pas in /usr/lib/doublecmd/doublecmd
  $0000000000AEFA67 line 864, column 22 of filesources/filesystem/ufilesystemutil.pas in /usr/lib/doublecmd/doublecmd


